#
# There is insufficient memory for the Java Runtime Environment to continue.
# Native memory allocation (mmap) failed to map 65011712 bytes. Error detail: G1 virtual space
# Possible reasons:
#   The system is out of physical RAM or swap space
#   This process is running with CompressedOops enabled, and the Java Heap may be blocking the growth of the native heap
# Possible solutions:
#   Reduce memory load on the system
#   Increase physical memory or swap space
#   Check if swap backing store is full
#   Decrease Java heap size (-Xmx/-Xms)
#   Decrease number of Java threads
#   Decrease Java thread stack sizes (-Xss)
#   Set larger code cache with -XX:ReservedCodeCacheSize=
#   JVM is running with Unscaled Compressed Oops mode in which the Java heap is
#     placed in the first 4GB address space. The Java Heap base address is the
#     maximum limit for the native heap growth. Please use -XX:HeapBaseMinAddress
#     to set the Java Heap base and to place the Java Heap above 4GB virtual address.
# This output file may be truncated or incomplete.
#
#  Out of Memory Error (os_windows.cpp:3686), pid=6072, tid=8800
#
# JRE version:  (21.0.6+7) (build )
# Java VM: OpenJDK 64-Bit Server VM (21.0.6+7-LTS, mixed mode, sharing, tiered, compressed oops, compressed class ptrs, g1 gc, windows-amd64)
# No core dump will be written. Minidumps are not enabled by default on client versions of Windows
#

---------------  S U M M A R Y ------------

Command Line: -Dfile.encoding=UTF-8 -Dstdout.encoding=UTF-8 -Dstderr.encoding=UTF-8 -XX:+ShowCodeDetailsInExceptionMessages Menu.Menu

Host: Intel(R) Core(TM) i5-8500T CPU @ 2.10GHz, 6 cores, 3G,  Windows 11 , 64 bit Build 22621 (10.0.22621.4974)
Time: Sun Apr  6 01:58:44 2025 Hora oficial do Brasil elapsed time: 0.016504 seconds (0d 0h 0m 0s)

---------------  T H R E A D  ---------------

Current thread (0x00000188bacffab0):  JavaThread "Unknown thread" [_thread_in_vm, id=8800, stack(0x000000446a400000,0x000000446a500000) (1024K)]

Stack: [0x000000446a400000,0x000000446a500000]
Native frames: (J=compiled Java code, j=interpreted, Vv=VM code, C=native code)
V  [jvm.dll+0x6cdee9]
V  [jvm.dll+0x8a83d1]
V  [jvm.dll+0x8aa8fe]
V  [jvm.dll+0x8aafe3]
V  [jvm.dll+0x27f706]
V  [jvm.dll+0x6ca755]
V  [jvm.dll+0x6bea3a]
V  [jvm.dll+0x355d6a]
V  [jvm.dll+0x35d936]
V  [jvm.dll+0x3af58e]
V  [jvm.dll+0x3af838]
V  [jvm.dll+0x329efc]
V  [jvm.dll+0x32aa5b]
V  [jvm.dll+0x871639]
V  [jvm.dll+0x3bc361]
V  [jvm.dll+0x85a763]
V  [jvm.dll+0x45066e]
V  [jvm.dll+0x4522b1]
C  [jli.dll+0x5278]
C  [ucrtbase.dll+0x29333]
C  [KERNEL32.DLL+0x1259d]
C  [ntdll.dll+0x5af38]


---------------  P R O C E S S  ---------------

Threads class SMR info:
_java_thread_list=0x00007ff87717a0c8, length=0, elements={
}

Java Threads: ( => current thread )
Total: 0

Other Threads:
  0x00000188bd102c50 WorkerThread "GC Thread#0"                     [id=18508, stack(0x000000446a500000,0x000000446a600000) (1024K)]
  0x00000188bd10c890 ConcurrentGCThread "G1 Main Marker"            [id=15080, stack(0x000000446a600000,0x000000446a700000) (1024K)]
  0x00000188bd10d390 WorkerThread "G1 Conc#0"                       [id=11180, stack(0x000000446a700000,0x000000446a800000) (1024K)]

[error occurred during error reporting (printing all threads), id 0xc0000005, EXCEPTION_ACCESS_VIOLATION (0xc0000005) at pc=0x00007ff87687c827]
VM state: not at safepoint (not fully initialized)

VM Mutex/Monitor currently owned by a thread:  ([mutex/lock_event])
[0x00007ff8771ee480] Heap_lock - owner thread: 0x00000188bacffab0

Heap address: 0x00000000c2800000, size: 984 MB, Compressed Oops mode: 32-bit

CDS archive(s) mapped at: [0x0000000000000000-0x0000000000000000-0x0000000000000000), size 0, SharedBaseAddress: 0x0000000800000000, ArchiveRelocationMode: 1.
Narrow klass base: 0x0000000000000000, Narrow klass shift: 0, Narrow klass range: 0x0

GC Precious Log:
 CardTable entry size: 512
 Card Set container configuration: InlinePtr #cards 5 size 8 Array Of Cards #cards 12 size 40 Howl #buckets 4 coarsen threshold 1843 Howl Bitmap #cards 512 size 80 coarsen threshold 460 Card regions per heap region 1 cards per card region 2048

Heap:
 garbage-first heap   total 0K, used 0K [0x00000000c2800000, 0x0000000100000000)
  region size 1024K, 0 young (0K), 0 survivors (0K)

[error occurred during error reporting (printing heap information), id 0xc0000005, EXCEPTION_ACCESS_VIOLATION (0xc0000005) at pc=0x00007ff876c679b9]
GC Heap History (0 events):
No events

Dll operation events (1 events):
Event: 0.010 Loaded shared library C:\Users\Rosana\Downloads\spring-tool-suite-4-4.28.1\sts-4.28.1.RELEASE\plugins\org.eclipse.justj.openjdk.hotspot.jre.full.win32.x86_64_21.0.6.v20250130-0529\jre\bin\java.dll

Deoptimization events (0 events):
No events

Classes loaded (0 events):
No events

Classes unloaded (0 events):
No events

Classes redefined (0 events):
No events

Internal exceptions (0 events):
No events

ZGC Phase Switch (0 events):
No events

VM Operations (0 events):
No events

Memory protections (0 events):
No events

Nmethod flushes (0 events):
No events

Events (0 events):
No events


Dynamic libraries:
0x00007ff60a980000 - 0x00007ff60a98e000 	C:\Users\Rosana\Downloads\spring-tool-suite-4-4.28.1\sts-4.28.1.RELEASE\plugins\org.eclipse.justj.openjdk.hotspot.jre.full.win32.x86_64_21.0.6.v20250130-0529\jre\bin\javaw.exe
0x00007ff8f66b0000 - 0x00007ff8f68c7000 	C:\WINDOWS\SYSTEM32\ntdll.dll
0x00007ff8f64a0000 - 0x00007ff8f6564000 	C:\WINDOWS\System32\KERNEL32.DLL
0x00007ff8f3850000 - 0x00007ff8f3c21000 	C:\WINDOWS\System32\KERNELBASE.dll
0x00007ff8f3fe0000 - 0x00007ff8f40f1000 	C:\WINDOWS\System32\ucrtbase.dll
0x00007ff8dbbd0000 - 0x00007ff8dbbe8000 	C:\Users\Rosana\Downloads\spring-tool-suite-4-4.28.1\sts-4.28.1.RELEASE\plugins\org.eclipse.justj.openjdk.hotspot.jre.full.win32.x86_64_21.0.6.v20250130-0529\jre\bin\jli.dll
0x00007ff8f5400000 - 0x00007ff8f55b1000 	C:\WINDOWS\System32\USER32.dll
0x00007ff8f37f0000 - 0x00007ff8f3816000 	C:\WINDOWS\System32\win32u.dll
0x00007ff8f6640000 - 0x00007ff8f6669000 	C:\WINDOWS\System32\GDI32.dll
0x00007ff8f3c30000 - 0x00007ff8f3d4b000 	C:\WINDOWS\System32\gdi32full.dll
0x00007ff8f3d50000 - 0x00007ff8f3dea000 	C:\WINDOWS\System32\msvcp_win.dll
0x00007ff8d7ee0000 - 0x00007ff8d7efe000 	C:\Users\Rosana\Downloads\spring-tool-suite-4-4.28.1\sts-4.28.1.RELEASE\plugins\org.eclipse.justj.openjdk.hotspot.jre.full.win32.x86_64_21.0.6.v20250130-0529\jre\bin\VCRUNTIME140.dll
0x00007ff8e2b30000 - 0x00007ff8e2dc2000 	C:\WINDOWS\WinSxS\amd64_microsoft.windows.common-controls_6595b64144ccf1df_6.0.22621.4830_none_270fe7d773858e80\COMCTL32.dll
0x00007ff8f44b0000 - 0x00007ff8f4557000 	C:\WINDOWS\System32\msvcrt.dll
0x00007ff8f52c0000 - 0x00007ff8f52f1000 	C:\WINDOWS\System32\IMM32.DLL
0x00007ff8e5780000 - 0x00007ff8e578c000 	C:\Users\Rosana\Downloads\spring-tool-suite-4-4.28.1\sts-4.28.1.RELEASE\plugins\org.eclipse.justj.openjdk.hotspot.jre.full.win32.x86_64_21.0.6.v20250130-0529\jre\bin\vcruntime140_1.dll
0x00007ff8c8de0000 - 0x00007ff8c8e6d000 	C:\Users\Rosana\Downloads\spring-tool-suite-4-4.28.1\sts-4.28.1.RELEASE\plugins\org.eclipse.justj.openjdk.hotspot.jre.full.win32.x86_64_21.0.6.v20250130-0529\jre\bin\msvcp140.dll
0x00007ff876540000 - 0x00007ff8772d0000 	C:\Users\Rosana\Downloads\spring-tool-suite-4-4.28.1\sts-4.28.1.RELEASE\plugins\org.eclipse.justj.openjdk.hotspot.jre.full.win32.x86_64_21.0.6.v20250130-0529\jre\bin\server\jvm.dll
0x00007ff8f5910000 - 0x00007ff8f59c1000 	C:\WINDOWS\System32\ADVAPI32.dll
0x00007ff8f56d0000 - 0x00007ff8f5777000 	C:\WINDOWS\System32\sechost.dll
0x00007ff8f3820000 - 0x00007ff8f3848000 	C:\WINDOWS\System32\bcrypt.dll
0x00007ff8f4380000 - 0x00007ff8f4494000 	C:\WINDOWS\System32\RPCRT4.dll
0x00007ff8f6390000 - 0x00007ff8f6401000 	C:\WINDOWS\System32\WS2_32.dll
0x00007ff8f36c0000 - 0x00007ff8f370d000 	C:\WINDOWS\SYSTEM32\POWRPROF.dll
0x00007ff8edba0000 - 0x00007ff8edbd4000 	C:\WINDOWS\SYSTEM32\WINMM.dll
0x00007ff8ebd00000 - 0x00007ff8ebd0a000 	C:\WINDOWS\SYSTEM32\VERSION.dll
0x00007ff8f36a0000 - 0x00007ff8f36b3000 	C:\WINDOWS\SYSTEM32\UMPDC.dll
0x00007ff8f2800000 - 0x00007ff8f2818000 	C:\WINDOWS\SYSTEM32\kernel.appcore.dll
0x00007ff8efc10000 - 0x00007ff8efc1a000 	C:\Users\Rosana\Downloads\spring-tool-suite-4-4.28.1\sts-4.28.1.RELEASE\plugins\org.eclipse.justj.openjdk.hotspot.jre.full.win32.x86_64_21.0.6.v20250130-0529\jre\bin\jimage.dll
0x00007ff8e2f60000 - 0x00007ff8e3192000 	C:\WINDOWS\SYSTEM32\DBGHELP.DLL
0x00007ff8f5e30000 - 0x00007ff8f61c0000 	C:\WINDOWS\System32\combase.dll
0x00007ff8f5780000 - 0x00007ff8f5857000 	C:\WINDOWS\System32\OLEAUT32.dll
0x00007ff8df8f0000 - 0x00007ff8df922000 	C:\WINDOWS\SYSTEM32\dbgcore.DLL
0x00007ff8f3df0000 - 0x00007ff8f3e6b000 	C:\WINDOWS\System32\bcryptPrimitives.dll
0x00007ff8e53f0000 - 0x00007ff8e540f000 	C:\Users\Rosana\Downloads\spring-tool-suite-4-4.28.1\sts-4.28.1.RELEASE\plugins\org.eclipse.justj.openjdk.hotspot.jre.full.win32.x86_64_21.0.6.v20250130-0529\jre\bin\java.dll

dbghelp: loaded successfully - version: 4.0.5 - missing functions: none
symbol engine: initialized successfully - sym options: 0x614 - pdb path: .;C:\Users\Rosana\Downloads\spring-tool-suite-4-4.28.1\sts-4.28.1.RELEASE\plugins\org.eclipse.justj.openjdk.hotspot.jre.full.win32.x86_64_21.0.6.v20250130-0529\jre\bin;C:\WINDOWS\SYSTEM32;C:\WINDOWS\WinSxS\amd64_microsoft.windows.common-controls_6595b64144ccf1df_6.0.22621.4830_none_270fe7d773858e80;C:\Users\Rosana\Downloads\spring-tool-suite-4-4.28.1\sts-4.28.1.RELEASE\plugins\org.eclipse.justj.openjdk.hotspot.jre.full.win32.x86_64_21.0.6.v20250130-0529\jre\bin\server

VM Arguments:
jvm_args: -Dfile.encoding=UTF-8 -Dstdout.encoding=UTF-8 -Dstderr.encoding=UTF-8 -XX:+ShowCodeDetailsInExceptionMessages 
java_command: Menu.Menu
java_class_path (initial): C:\Users\Rosana\Documents\workspace-spring-tool-suite-4-4.28.1.RELEASE\projeto_final_bloco__01\bin
Launcher Type: SUN_STANDARD

[Global flags]
     intx CICompilerCount                          = 3                                         {product} {ergonomic}
     uint ConcGCThreads                            = 2                                         {product} {ergonomic}
     uint G1ConcRefinementThreads                  = 6                                         {product} {ergonomic}
   size_t G1HeapRegionSize                         = 1048576                                   {product} {ergonomic}
    uintx GCDrainStackTargetSize                   = 64                                        {product} {ergonomic}
   size_t InitialHeapSize                          = 65011712                                  {product} {ergonomic}
   size_t MarkStackSize                            = 4194304                                   {product} {ergonomic}
   size_t MaxHeapSize                              = 1031798784                                {product} {ergonomic}
   size_t MinHeapDeltaBytes                        = 1048576                                   {product} {ergonomic}
   size_t MinHeapSize                              = 8388608                                   {product} {ergonomic}
    uintx NonNMethodCodeHeapSize                   = 5832780                                {pd product} {ergonomic}
    uintx NonProfiledCodeHeapSize                  = 122912730                              {pd product} {ergonomic}
    uintx ProfiledCodeHeapSize                     = 122912730                              {pd product} {ergonomic}
    uintx ReservedCodeCacheSize                    = 251658240                              {pd product} {ergonomic}
     bool SegmentedCodeCache                       = true                                      {product} {ergonomic}
     bool ShowCodeDetailsInExceptionMessages       = true                                   {manageable} {command line}
   size_t SoftMaxHeapSize                          = 1031798784                             {manageable} {ergonomic}
     bool UseCompressedOops                        = true                           {product lp64_product} {ergonomic}
     bool UseG1GC                                  = true                                      {product} {ergonomic}
     bool UseLargePagesIndividualAllocation        = false                                  {pd product} {ergonomic}

Logging:
Log output configuration:
 #0: stdout all=warning uptime,level,tags foldmultilines=false
 #1: stderr all=off uptime,level,tags foldmultilines=false

Environment Variables:
JAVA_HOME=C:\Program Files\Java\jdk-17
PATH=C:/Users/Rosana/Downloads/spring-tool-suite-4-4.28.1/sts-4.28.1.RELEASE//plugins/org.eclipse.justj.openjdk.hotspot.jre.full.win32.x86_64_21.0.6.v20250130-0529/jre/bin/server;C:/Users/Rosana/Downloads/spring-tool-suite-4-4.28.1/sts-4.28.1.RELEASE//plugins/org.eclipse.justj.openjdk.hotspot.jre.full.win32.x86_64_21.0.6.v20250130-0529/jre/bin;C:\Program Files\Common Files\Oracle\Java\javapath;C:\WINDOWS\system32;C:\WINDOWS;C:\WINDOWS\System32\Wbem;C:\WINDOWS\System32\WindowsPowerShell\v1.0\;C:\WINDOWS\System32\OpenSSH\;C:\MinGW\bin;C:\Program Files\Java\jdk-17.0.12;C:\Program Files\Java\jdk-17.0.12;C:\Program Files\nodejs\;C:\Program Files\Java\jdk-17.0.3.1;C:\Program Files\Git\cmd;C:\Program Files\Java\jdk-17\bin;C:\Users\Rosana\AppData\Local\Microsoft\WindowsApps;C:\Users\Rosana\AppData\Local\Programs\Microsoft VS Code\bin;C:\Users\Rosana\AppData\Local\GitHubDesktop\bin;C:\Users\Rosana\AppData\Roaming\npm;C:\WINDOWS\system32;
USERNAME=Rosana
OS=Windows_NT
PROCESSOR_IDENTIFIER=Intel64 Family 6 Model 158 Stepping 10, GenuineIntel
TMP=C:\Users\Rosana\AppData\Local\Temp
TEMP=C:\Users\Rosana\AppData\Local\Temp




Periodic native trim disabled

---------------  S Y S T E M  ---------------

OS:
 Windows 11 , 64 bit Build 22621 (10.0.22621.4974)
OS uptime: 3 days 3:36 hours
Hyper-V role detected

CPU: total 6 (initial active 6) (6 cores per cpu, 1 threads per core) family 6 model 158 stepping 10 microcode 0xde, cx8, cmov, fxsr, mmx, 3dnowpref, sse, sse2, sse3, ssse3, sse4.1, sse4.2, popcnt, lzcnt, tsc, tscinvbit, avx, avx2, aes, erms, clmul, bmi1, bmi2, rtm, adx, fma, vzeroupper, clflush, clflushopt, hv, rdtscp, f16c
Processor Information for the first 6 processors :
  Max Mhz: 2112, Current Mhz: 2112, Mhz Limit: 2112

Memory: 4k page, system-wide physical 3931M (248M free)
TotalPageFile size 16219M (AvailPageFile size 11M)
current process WorkingSet (physical memory assigned to process): 11M, peak: 11M
current process commit charge ("private bytes"): 55M, peak: 117M

vm_info: OpenJDK 64-Bit Server VM (21.0.6+7-LTS) for windows-amd64 JRE (21.0.6+7-LTS), built on 2025-01-21T00:00:00Z by "admin" with MS VC++ 17.7 (VS2022)

END.
